
> atomic-ui@0.0.0 start
> ng serve --host 0.0.0.0 --port 4200

[32m✔[0m [33mConsole Ninja[0m extension is connected to [33mAngular[0m, see [36mhttps://tinyurl.com/2vt8jxzw[0m
[33m>[39m Building...
[32m√[39m Building...
[35mBrowser bundles[39m     
[1mInitial chunk files[22m [2m | [22m[1mNames[22m                [2m | [22m [1mRaw size[22m
[32mmain.js[39m             [2m | [22m[2mmain[22m                 [2m | [22m[36m252.79 kB[39m[2m | [22m
[32mstyles.css[39m          [2m | [22m[2mstyles[22m               [2m | [22m[36m215.63 kB[39m[2m | [22m
[32mchunk-B462DWRE.js[39m   [2m | [22m[2m-[22m                    [2m | [22m[36m197.25 kB[39m[2m | [22m

[1m [22m                   [2m | [22m[1mInitial total[22m        [2m | [22m[1m665.67 kB[22m

[1mLazy chunk files[22m    [2m | [22m[1mNames[22m                [2m | [22m [1mRaw size[22m
[32mchunk-ZOEOYS3L.js[39m   [2m | [22m[2mui-showcase-component[22m[2m | [22m[36m390.19 kB[39m[2m | [22m


[35mServer bundles[39m      
[1mInitial chunk files[22m [2m | [22m[1mNames[22m                [2m | [22m [1mRaw size[22m
[32mmain.server.mjs[39m     [2m | [22m[2mmain.server[22m          [2m | [22m[36m207.84 kB[39m[2m | [22m
[32mchunk-IQGOVPEC.mjs[39m  [2m | [22m[2m-[22m                    [2m | [22m[36m197.28 kB[39m[2m | [22m
[32mserver.mjs[39m          [2m | [22m[2mserver[22m               [2m | [22m [36m48.27 kB[39m[2m | [22m
[32mpolyfills.server.mjs[39m[2m | [22m[2mpolyfills.server[22m     [2m | [22m[36m243 bytes[39m[2m | [22m

[1mLazy chunk files[22m    [2m | [22m[1mNames[22m                [2m | [22m [1mRaw size[22m
[32mchunk-MRY2ONRT.mjs[39m  [2m | [22m[2mui-showcase-component[22m[2m | [22m[36m390.23 kB[39m[2m | [22m

Application bundle generation complete. [5.768 seconds] - 2026-02-14T21:10:53.552Z

Watch mode enabled. Watching for file changes...
NOTE: Raw file sizes do not reflect development server per-request transformations.
  [32m➜[39m  [1mLocal[22m:   [36mhttp://localhost:[1m4200[22m/[39m
  [32m➜[39m  [1mNetwork[22m: [36mhttp://192.168.18.42:[1m4200[22m/[39m
  [32m➜[39m  [1mNetwork[22m: [36mhttp://192.168.196.1:[1m4200[22m/[39m
  [32m➜[39m  [1mNetwork[22m: [36mhttp://192.168.79.1:[1m4200[22m/[39m
  [32m➜[39m  [1mNetwork[22m: [36mhttp://172.16.0.1:[1m4200[22m/[39m
  [32m➜[39m  [1mNetwork[22m: [36mhttp://172.17.208.1:[1m4200[22m/[39m
